<?xml version="1.0" encoding="UTF-8"?>
<!-- Generated by org.testng.reporters.JUnitReportReporter -->
<testsuite skipped="0" hostname="KENAN" name="main.Test2" tests="1" failures="0" timestamp="12 Oct 2017 08:34:26 GMT" time="20.193" errors="0">
  <testcase name="searchTest" time="20.193" classname="main.Test2"/>
</testsuite> <!-- main.Test2 -->
